[ERROR]docteamApp.py:145-03:30:36.438-re_id: 1688067036363_id, error: file server response code - 500, response body - <!doctype html>
<html lang=en>
<title>500 Internal Server Error</title>
<h1>Internal Server Error</h1>
<p>The server encountered an internal error and was unable to complete your request. Either the server is overloaded or there is an error in the application.</p>

[ERROR]docteamApp.py:145-03:33:02.204-re_id: 1688067182156_id, error: file server response code - 500, response body - <!doctype html>
<html lang=en>
<title>500 Internal Server Error</title>
<h1>Internal Server Error</h1>
<p>The server encountered an internal error and was unable to complete your request. Either the server is overloaded or there is an error in the application.</p>

[ERROR]docteamApp.py:145-03:33:47.740-re_id: 1688067224123_id, error: file server response code - 500, response body - <!doctype html>
<html lang=en>
<title>500 Internal Server Error</title>
<h1>Internal Server Error</h1>
<p>The server encountered an internal error and was unable to complete your request. Either the server is overloaded or there is an error in the application.</p>

[ERROR]docteamApp.py:145-03:34:17.835-re_id: 1688067257782_id, error: file server response code - 500, response body - <!doctype html>
<html lang=en>
<title>500 Internal Server Error</title>
<h1>Internal Server Error</h1>
<p>The server encountered an internal error and was unable to complete your request. Either the server is overloaded or there is an error in the application.</p>

[ERROR]docteamApp.py:145-03:35:30.038-re_id: 1688067329986_id, error: file server response code - 500, response body - <!doctype html>
<html lang=en>
<title>500 Internal Server Error</title>
<h1>Internal Server Error</h1>
<p>The server encountered an internal error and was unable to complete your request. Either the server is overloaded or there is an error in the application.</p>

[ERROR]docteamApp.py:145-03:37:03.458-re_id: 1688067423408_id, error: file server response code - 500, response body - <!doctype html>
<html lang=en>
<title>500 Internal Server Error</title>
<h1>Internal Server Error</h1>
<p>The server encountered an internal error and was unable to complete your request. Either the server is overloaded or there is an error in the application.</p>

[ERROR]docteamApp.py:145-03:55:14.401-re_id: 1688068514344_id, error: file server response code - 500, response body - <!doctype html>
<html lang=en>
<title>500 Internal Server Error</title>
<h1>Internal Server Error</h1>
<p>The server encountered an internal error and was unable to complete your request. Either the server is overloaded or there is an error in the application.</p>

[ERROR]docteamApp.py:145-03:55:45.423-re_id: 1688068545371_id, error: file server response code - 500, response body - <!doctype html>
<html lang=en>
<title>500 Internal Server Error</title>
<h1>Internal Server Error</h1>
<p>The server encountered an internal error and was unable to complete your request. Either the server is overloaded or there is an error in the application.</p>

[ERROR]docteamApp.py:145-03:56:20.509-re_id: 1688068580455_id, error: file server response code - 500, response body - <!doctype html>
<html lang=en>
<title>500 Internal Server Error</title>
<h1>Internal Server Error</h1>
<p>The server encountered an internal error and was unable to complete your request. Either the server is overloaded or there is an error in the application.</p>

[ERROR]docteamApp.py:145-04:00:00.507-re_id: 1688068800460_id, error: file server response code - 500, response body - <!doctype html>
<html lang=en>
<title>500 Internal Server Error</title>
<h1>Internal Server Error</h1>
<p>The server encountered an internal error and was unable to complete your request. Either the server is overloaded or there is an error in the application.</p>

[ERROR]docteamApp.py:145-04:07:38.455-re_id: 1688069258406_id, error: file server response code - 500, response body - <!doctype html>
<html lang=en>
<title>500 Internal Server Error</title>
<h1>Internal Server Error</h1>
<p>The server encountered an internal error and was unable to complete your request. Either the server is overloaded or there is an error in the application.</p>

[ERROR]docteamApp.py:145-04:13:44.987-re_id: 1688069624930_id, error: file server response code - 500, response body - <!doctype html>
<html lang=en>
<title>500 Internal Server Error</title>
<h1>Internal Server Error</h1>
<p>The server encountered an internal error and was unable to complete your request. Either the server is overloaded or there is an error in the application.</p>

[ERROR]docteamApp.py:145-04:17:49.507-re_id: 1688069869452_id, error: file server response code - 500, response body - <!doctype html>
<html lang=en>
<title>500 Internal Server Error</title>
<h1>Internal Server Error</h1>
<p>The server encountered an internal error and was unable to complete your request. Either the server is overloaded or there is an error in the application.</p>

[ERROR]docteamApp.py:145-06:31:08.770-re_id: 1688077868712_id, error: file server response code - 500, response body - <!doctype html>
<html lang=en>
<title>500 Internal Server Error</title>
<h1>Internal Server Error</h1>
<p>The server encountered an internal error and was unable to complete your request. Either the server is overloaded or there is an error in the application.</p>

[ERROR]docteamApp.py:145-06:36:20.487-re_id: 1688078180430_id, error: file server response code - 500, response body - <!doctype html>
<html lang=en>
<title>500 Internal Server Error</title>
<h1>Internal Server Error</h1>
<p>The server encountered an internal error and was unable to complete your request. Either the server is overloaded or there is an error in the application.</p>

[ERROR]docteamApp.py:145-06:45:10.558-re_id: 1688078710549_id, error: file server response code - 500, response body - <!doctype html>
<html lang=en>
<title>500 Internal Server Error</title>
<h1>Internal Server Error</h1>
<p>The server encountered an internal error and was unable to complete your request. Either the server is overloaded or there is an error in the application.</p>

[ERROR]docteamApp.py:161-16:26:12.349-re_id: 1688113515760_id, error: file server response code - 403, response body - {
  "msg": "file not exits"
}

[ERROR]docteamApp.py:161-16:27:17.522-re_id: 1688113618607_id, error: file server response code - 403, response body - {
  "msg": "success"
}

